<?xml version="1.0" encoding="UTF-8"?>
<testsuite name="IndexOutOfBoundsTest" tests="1" skipped="0" failures="0" errors="0" timestamp="2020-02-06T08:33:05" hostname="TIM-N493" time="0.001">
  <properties/>
  <testcase name="testIndexOutOfBounds" classname="IndexOutOfBoundsTest" time="0.001"/>
  <system-out><![CDATA[]]></system-out>
  <system-err><![CDATA[]]></system-err>
</testsuite>
